<?xml version="1.0" encoding="UTF-8"?>
<Site BuildName="Linux-g++-7"
	BuildStamp="20200919-1415-Experimental"
	Name="bigshot"
	Generator="ctest-3.10.2"
	CompilerName="/usr/bin/g++-7"
	CompilerVersion=""
	OSName="Linux"
	Hostname="bigshot"
	OSRelease="5.4.0-47-generic"
	OSVersion="#51~18.04.1-Ubuntu SMP Sat Sep 5 14:35:50 UTC 2020"
	OSPlatform="x86_64"
	Is64Bits="1"
	VendorString="AuthenticAMD"
	VendorID="Advanced Micro Devices"
	FamilyID="23"
	ModelID="113"
	ProcessorCacheSize="512"
	NumberOfLogicalCPU="12"
	NumberOfPhysicalCPU="6"
	TotalVirtualMemory="2047"
	TotalPhysicalMemory="16021"
	LogicalProcessorsPerPhysical="2"
	ProcessorClockFrequency="4046.22"
	>
	<Testing>
		<StartDateTime>Sep 19 22:15 CST</StartDateTime>
		<StartTestTime>1600524938</StartTestTime>
		<TestList/>
		<EndDateTime>Sep 19 22:15 CST</EndDateTime>
		<EndTestTime>1600524938</EndTestTime>
		<ElapsedMinutes>0</ElapsedMinutes>
	</Testing>
</Site>
